{"F:\\Code_Projects\\ibm-interview\\color-group-interview-project\\color-group-web-api\\src\\db\\person\\person-accessor.js": {"path":"F:\\Code_Projects\\ibm-interview\\color-group-interview-project\\color-group-web-api\\src\\db\\person\\person-accessor.js","statementMap":{"0":{"start":{"line":1,"column":23},"end":{"line":1,"column":54}},"1":{"start":{"line":2,"column":20},"end":{"line":2,"column":45}},"2":{"start":{"line":9,"column":1},"end":{"line":13,"column":2}},"3":{"start":{"line":10,"column":19},"end":{"line":10,"column":61}},"4":{"start":{"line":12,"column":4},"end":{"line":12,"column":18}},"5":{"start":{"line":20,"column":0},"end":{"line":23,"column":2}},"6":{"start":{"line":21,"column":19},"end":{"line":21,"column":56}},"7":{"start":{"line":22,"column":4},"end":{"line":22,"column":18}},"8":{"start":{"line":25,"column":0},"end":{"line":28,"column":2}},"9":{"start":{"line":26,"column":21},"end":{"line":26,"column":69}},"10":{"start":{"line":27,"column":4},"end":{"line":27,"column":20}},"11":{"start":{"line":34,"column":0},"end":{"line":36,"column":2}},"12":{"start":{"line":35,"column":4},"end":{"line":35,"column":54}},"13":{"start":{"line":38,"column":0},"end":{"line":40,"column":2}},"14":{"start":{"line":39,"column":4},"end":{"line":39,"column":37}},"15":{"start":{"line":57,"column":0},"end":{"line":76,"column":1}},"16":{"start":{"line":58,"column":25},"end":{"line":58,"column":50}},"17":{"start":{"line":60,"column":4},"end":{"line":72,"column":5}},"18":{"start":{"line":61,"column":8},"end":{"line":71,"column":9}},"19":{"start":{"line":62,"column":12},"end":{"line":62,"column":131}},"20":{"start":{"line":63,"column":12},"end":{"line":63,"column":62}},"21":{"start":{"line":64,"column":12},"end":{"line":64,"column":44}},"22":{"start":{"line":65,"column":37},"end":{"line":65,"column":76}},"23":{"start":{"line":66,"column":12},"end":{"line":66,"column":60}},"24":{"start":{"line":69,"column":12},"end":{"line":69,"column":89}},"25":{"start":{"line":70,"column":12},"end":{"line":70,"column":25}},"26":{"start":{"line":74,"column":4},"end":{"line":74,"column":41}},"27":{"start":{"line":75,"column":4},"end":{"line":75,"column":16}}},"fnMap":{"0":{"name":"(anonymous_0)","decl":{"start":{"line":9,"column":28},"end":{"line":9,"column":29}},"loc":{"start":{"line":9,"column":44},"end":{"line":13,"column":1}},"line":9},"1":{"name":"(anonymous_1)","decl":{"start":{"line":20,"column":30},"end":{"line":20,"column":31}},"loc":{"start":{"line":20,"column":53},"end":{"line":23,"column":1}},"line":20},"2":{"name":"(anonymous_2)","decl":{"start":{"line":25,"column":29},"end":{"line":25,"column":30}},"loc":{"start":{"line":25,"column":59},"end":{"line":28,"column":1}},"line":25},"3":{"name":"(anonymous_3)","decl":{"start":{"line":34,"column":30},"end":{"line":34,"column":31}},"loc":{"start":{"line":34,"column":64},"end":{"line":36,"column":1}},"line":34},"4":{"name":"(anonymous_4)","decl":{"start":{"line":38,"column":30},"end":{"line":38,"column":31}},"loc":{"start":{"line":38,"column":48},"end":{"line":40,"column":1}},"line":38},"5":{"name":"(anonymous_5)","decl":{"start":{"line":57,"column":32},"end":{"line":57,"column":33}},"loc":{"start":{"line":57,"column":149},"end":{"line":76,"column":1}},"line":57}},"branchMap":{"0":{"loc":{"start":{"line":20,"column":37},"end":{"line":20,"column":48}},"type":"default-arg","locations":[{"start":{"line":20,"column":46},"end":{"line":20,"column":48}}],"line":20},"1":{"loc":{"start":{"line":25,"column":43},"end":{"line":25,"column":54}},"type":"default-arg","locations":[{"start":{"line":25,"column":52},"end":{"line":25,"column":54}}],"line":25},"2":{"loc":{"start":{"line":57,"column":47},"end":{"line":57,"column":144}},"type":"default-arg","locations":[{"start":{"line":57,"column":142},"end":{"line":57,"column":144}}],"line":57},"3":{"loc":{"start":{"line":57,"column":49},"end":{"line":57,"column":97}},"type":"default-arg","locations":[{"start":{"line":57,"column":92},"end":{"line":57,"column":97}}],"line":57},"4":{"loc":{"start":{"line":57,"column":99},"end":{"line":57,"column":137}},"type":"default-arg","locations":[{"start":{"line":57,"column":133},"end":{"line":57,"column":137}}],"line":57},"5":{"loc":{"start":{"line":60,"column":4},"end":{"line":72,"column":5}},"type":"if","locations":[{"start":{"line":60,"column":4},"end":{"line":72,"column":5}},{"start":{},"end":{}}],"line":60},"6":{"loc":{"start":{"line":61,"column":8},"end":{"line":71,"column":9}},"type":"if","locations":[{"start":{"line":61,"column":8},"end":{"line":71,"column":9}},{"start":{"line":68,"column":15},"end":{"line":71,"column":9}}],"line":61}},"s":{"0":2,"1":2,"2":2,"3":0,"4":0,"5":2,"6":0,"7":0,"8":2,"9":0,"10":0,"11":2,"12":0,"13":2,"14":0,"15":2,"16":0,"17":0,"18":0,"19":0,"20":0,"21":0,"22":0,"23":0,"24":0,"25":0,"26":0,"27":0},"f":{"0":0,"1":0,"2":0,"3":0,"4":0,"5":0},"b":{"0":[0],"1":[0],"2":[0],"3":[0],"4":[0],"5":[0,0],"6":[0,0]},"_coverageSchema":"1a1c01bbd47fc00a2c39e90264f33305004495a9","hash":"5751846d5f3dfd3c4531c54792e204a53eba102f"}
,"F:\\Code_Projects\\ibm-interview\\color-group-interview-project\\color-group-web-api\\src\\db\\person\\person-model.js": {"path":"F:\\Code_Projects\\ibm-interview\\color-group-interview-project\\color-group-web-api\\src\\db\\person\\person-model.js","statementMap":{"0":{"start":{"line":1,"column":17},"end":{"line":1,"column":36}},"1":{"start":{"line":8,"column":21},"end":{"line":12,"column":48}},"2":{"start":{"line":14,"column":0},"end":{"line":14,"column":56}}},"fnMap":{},"branchMap":{},"s":{"0":2,"1":2,"2":2},"f":{},"b":{},"_coverageSchema":"1a1c01bbd47fc00a2c39e90264f33305004495a9","hash":"c5c10a5d9ea7c7447a0af17babd6576b3d0dae8d"}
,"F:\\Code_Projects\\ibm-interview\\color-group-interview-project\\color-group-web-api\\src\\services\\data-service.js": {"path":"F:\\Code_Projects\\ibm-interview\\color-group-interview-project\\color-group-web-api\\src\\services\\data-service.js","statementMap":{"0":{"start":{"line":1,"column":35},"end":{"line":1,"column":74}},"1":{"start":{"line":9,"column":0},"end":{"line":12,"column":2}},"2":{"start":{"line":10,"column":19},"end":{"line":10,"column":40}},"3":{"start":{"line":11,"column":4},"end":{"line":11,"column":27}},"4":{"start":{"line":18,"column":0},"end":{"line":21,"column":2}},"5":{"start":{"line":19,"column":26},"end":{"line":19,"column":51}},"6":{"start":{"line":20,"column":4},"end":{"line":20,"column":25}},"7":{"start":{"line":27,"column":0},"end":{"line":30,"column":2}},"8":{"start":{"line":28,"column":27},"end":{"line":28,"column":53}},"9":{"start":{"line":29,"column":4},"end":{"line":29,"column":26}},"10":{"start":{"line":36,"column":0},"end":{"line":39,"column":2}},"11":{"start":{"line":37,"column":27},"end":{"line":37,"column":53}},"12":{"start":{"line":38,"column":4},"end":{"line":38,"column":26}}},"fnMap":{"0":{"name":"(anonymous_0)","decl":{"start":{"line":9,"column":29},"end":{"line":9,"column":30}},"loc":{"start":{"line":9,"column":45},"end":{"line":12,"column":1}},"line":9},"1":{"name":"(anonymous_1)","decl":{"start":{"line":18,"column":26},"end":{"line":18,"column":27}},"loc":{"start":{"line":18,"column":38},"end":{"line":21,"column":1}},"line":18},"2":{"name":"(anonymous_2)","decl":{"start":{"line":27,"column":27},"end":{"line":27,"column":28}},"loc":{"start":{"line":27,"column":39},"end":{"line":30,"column":1}},"line":27},"3":{"name":"(anonymous_3)","decl":{"start":{"line":36,"column":27},"end":{"line":36,"column":28}},"loc":{"start":{"line":36,"column":39},"end":{"line":39,"column":1}},"line":36}},"branchMap":{},"s":{"0":1,"1":1,"2":2,"3":2,"4":1,"5":1,"6":1,"7":1,"8":1,"9":1,"10":1,"11":1,"12":1},"f":{"0":2,"1":1,"2":1,"3":1},"b":{},"_coverageSchema":"1a1c01bbd47fc00a2c39e90264f33305004495a9","hash":"926adb1f056644d57c31ffac380df23ac1a0d8fb"}
,"F:\\Code_Projects\\ibm-interview\\color-group-interview-project\\color-group-web-api\\src\\services\\parsing-service.js": {"path":"F:\\Code_Projects\\ibm-interview\\color-group-interview-project\\color-group-web-api\\src\\services\\parsing-service.js","statementMap":{"0":{"start":{"line":10,"column":0},"end":{"line":33,"column":2}},"1":{"start":{"line":11,"column":20},"end":{"line":11,"column":22}},"2":{"start":{"line":12,"column":4},"end":{"line":30,"column":7}},"3":{"start":{"line":13,"column":23},"end":{"line":13,"column":38}},"4":{"start":{"line":15,"column":8},"end":{"line":18,"column":9}},"5":{"start":{"line":17,"column":12},"end":{"line":17,"column":19}},"6":{"start":{"line":20,"column":8},"end":{"line":29,"column":11}},"7":{"start":{"line":21,"column":26},"end":{"line":21,"column":38}},"8":{"start":{"line":23,"column":12},"end":{"line":26,"column":13}},"9":{"start":{"line":25,"column":16},"end":{"line":25,"column":23}},"10":{"start":{"line":28,"column":12},"end":{"line":28,"column":49}},"11":{"start":{"line":32,"column":4},"end":{"line":32,"column":19}}},"fnMap":{"0":{"name":"(anonymous_0)","decl":{"start":{"line":10,"column":37},"end":{"line":10,"column":38}},"loc":{"start":{"line":10,"column":51},"end":{"line":33,"column":1}},"line":10},"1":{"name":"(anonymous_1)","decl":{"start":{"line":12,"column":34},"end":{"line":12,"column":35}},"loc":{"start":{"line":12,"column":43},"end":{"line":30,"column":5}},"line":12},"2":{"name":"(anonymous_2)","decl":{"start":{"line":20,"column":36},"end":{"line":20,"column":37}},"loc":{"start":{"line":20,"column":44},"end":{"line":29,"column":9}},"line":20}},"branchMap":{"0":{"loc":{"start":{"line":15,"column":8},"end":{"line":18,"column":9}},"type":"if","locations":[{"start":{"line":15,"column":8},"end":{"line":18,"column":9}},{"start":{},"end":{}}],"line":15},"1":{"loc":{"start":{"line":23,"column":12},"end":{"line":26,"column":13}},"type":"if","locations":[{"start":{"line":23,"column":12},"end":{"line":26,"column":13}},{"start":{},"end":{}}],"line":23}},"s":{"0":1,"1":1,"2":1,"3":1,"4":1,"5":0,"6":1,"7":2,"8":2,"9":0,"10":2,"11":1},"f":{"0":1,"1":1,"2":2},"b":{"0":[0,1],"1":[0,2]},"_coverageSchema":"1a1c01bbd47fc00a2c39e90264f33305004495a9","hash":"57777a3ea5ac6248cc54d1b4d2267f74920c9a63"}
,"F:\\Code_Projects\\ibm-interview\\color-group-interview-project\\color-group-web-api\\src\\services\\person-service.js": {"path":"F:\\Code_Projects\\ibm-interview\\color-group-interview-project\\color-group-web-api\\src\\services\\person-service.js","statementMap":{"0":{"start":{"line":1,"column":64},"end":{"line":1,"column":103}},"1":{"start":{"line":2,"column":37},"end":{"line":2,"column":74}},"2":{"start":{"line":9,"column":0},"end":{"line":11,"column":2}},"3":{"start":{"line":10,"column":4},"end":{"line":10,"column":33}},"4":{"start":{"line":17,"column":0},"end":{"line":19,"column":2}},"5":{"start":{"line":18,"column":4},"end":{"line":18,"column":32}},"6":{"start":{"line":26,"column":0},"end":{"line":28,"column":2}},"7":{"start":{"line":27,"column":4},"end":{"line":27,"column":41}},"8":{"start":{"line":35,"column":0},"end":{"line":37,"column":2}},"9":{"start":{"line":36,"column":4},"end":{"line":36,"column":41}},"10":{"start":{"line":39,"column":27},"end":{"line":39,"column":83}},"11":{"start":{"line":39,"column":38},"end":{"line":39,"column":83}},"12":{"start":{"line":46,"column":0},"end":{"line":60,"column":2}},"13":{"start":{"line":47,"column":28},"end":{"line":47,"column":30}},"14":{"start":{"line":49,"column":4},"end":{"line":57,"column":5}},"15":{"start":{"line":49,"column":16},"end":{"line":49,"column":17}},"16":{"start":{"line":50,"column":18},"end":{"line":50,"column":39}},"17":{"start":{"line":51,"column":22},"end":{"line":51,"column":31}},"18":{"start":{"line":52,"column":8},"end":{"line":54,"column":9}},"19":{"start":{"line":53,"column":12},"end":{"line":53,"column":19}},"20":{"start":{"line":56,"column":8},"end":{"line":56,"column":44}},"21":{"start":{"line":59,"column":4},"end":{"line":59,"column":40}},"22":{"start":{"line":67,"column":0},"end":{"line":81,"column":2}},"23":{"start":{"line":68,"column":28},"end":{"line":68,"column":30}},"24":{"start":{"line":70,"column":4},"end":{"line":78,"column":5}},"25":{"start":{"line":70,"column":16},"end":{"line":70,"column":17}},"26":{"start":{"line":71,"column":18},"end":{"line":71,"column":39}},"27":{"start":{"line":72,"column":22},"end":{"line":72,"column":31}},"28":{"start":{"line":73,"column":8},"end":{"line":75,"column":9}},"29":{"start":{"line":74,"column":12},"end":{"line":74,"column":19}},"30":{"start":{"line":77,"column":8},"end":{"line":77,"column":44}},"31":{"start":{"line":80,"column":4},"end":{"line":80,"column":40}}},"fnMap":{"0":{"name":"(anonymous_0)","decl":{"start":{"line":9,"column":27},"end":{"line":9,"column":28}},"loc":{"start":{"line":9,"column":43},"end":{"line":11,"column":1}},"line":9},"1":{"name":"(anonymous_1)","decl":{"start":{"line":17,"column":30},"end":{"line":17,"column":31}},"loc":{"start":{"line":17,"column":42},"end":{"line":19,"column":1}},"line":17},"2":{"name":"(anonymous_2)","decl":{"start":{"line":26,"column":39},"end":{"line":26,"column":40}},"loc":{"start":{"line":26,"column":56},"end":{"line":28,"column":1}},"line":26},"3":{"name":"(anonymous_3)","decl":{"start":{"line":35,"column":37},"end":{"line":35,"column":38}},"loc":{"start":{"line":35,"column":54},"end":{"line":37,"column":1}},"line":35},"4":{"name":"(anonymous_4)","decl":{"start":{"line":39,"column":27},"end":{"line":39,"column":28}},"loc":{"start":{"line":39,"column":38},"end":{"line":39,"column":83}},"line":39},"5":{"name":"(anonymous_5)","decl":{"start":{"line":46,"column":30},"end":{"line":46,"column":31}},"loc":{"start":{"line":46,"column":136},"end":{"line":60,"column":1}},"line":46},"6":{"name":"(anonymous_6)","decl":{"start":{"line":67,"column":30},"end":{"line":67,"column":31}},"loc":{"start":{"line":67,"column":136},"end":{"line":81,"column":1}},"line":67}},"branchMap":{"0":{"loc":{"start":{"line":46,"column":45},"end":{"line":46,"column":131}},"type":"default-arg","locations":[{"start":{"line":46,"column":129},"end":{"line":46,"column":131}}],"line":46},"1":{"loc":{"start":{"line":46,"column":47},"end":{"line":46,"column":94}},"type":"default-arg","locations":[{"start":{"line":46,"column":68},"end":{"line":46,"column":94}}],"line":46},"2":{"loc":{"start":{"line":46,"column":96},"end":{"line":46,"column":124}},"type":"default-arg","locations":[{"start":{"line":46,"column":106},"end":{"line":46,"column":124}}],"line":46},"3":{"loc":{"start":{"line":52,"column":8},"end":{"line":54,"column":9}},"type":"if","locations":[{"start":{"line":52,"column":8},"end":{"line":54,"column":9}},{"start":{},"end":{}}],"line":52},"4":{"loc":{"start":{"line":67,"column":45},"end":{"line":67,"column":131}},"type":"default-arg","locations":[{"start":{"line":67,"column":129},"end":{"line":67,"column":131}}],"line":67},"5":{"loc":{"start":{"line":67,"column":47},"end":{"line":67,"column":94}},"type":"default-arg","locations":[{"start":{"line":67,"column":68},"end":{"line":67,"column":94}}],"line":67},"6":{"loc":{"start":{"line":67,"column":96},"end":{"line":67,"column":124}},"type":"default-arg","locations":[{"start":{"line":67,"column":106},"end":{"line":67,"column":124}}],"line":67},"7":{"loc":{"start":{"line":73,"column":8},"end":{"line":75,"column":9}},"type":"if","locations":[{"start":{"line":73,"column":8},"end":{"line":75,"column":9}},{"start":{},"end":{}}],"line":73}},"s":{"0":1,"1":1,"2":1,"3":1,"4":1,"5":1,"6":1,"7":1,"8":1,"9":1,"10":1,"11":8,"12":1,"13":2,"14":2,"15":2,"16":5,"17":5,"18":5,"19":1,"20":4,"21":1,"22":1,"23":2,"24":2,"25":2,"26":5,"27":5,"28":5,"29":1,"30":4,"31":1},"f":{"0":1,"1":1,"2":1,"3":1,"4":8,"5":2,"6":2},"b":{"0":[2],"1":[2],"2":[2],"3":[1,4],"4":[2],"5":[2],"6":[2],"7":[1,4]},"_coverageSchema":"1a1c01bbd47fc00a2c39e90264f33305004495a9","hash":"71672fe22c2548a37eacf4036e2fd2f0bee1aafc"}
,"F:\\Code_Projects\\ibm-interview\\color-group-interview-project\\color-group-web-api\\src\\utilities\\file-reader.js": {"path":"F:\\Code_Projects\\ibm-interview\\color-group-interview-project\\color-group-web-api\\src\\utilities\\file-reader.js","statementMap":{"0":{"start":{"line":1,"column":11},"end":{"line":1,"column":24}},"1":{"start":{"line":2,"column":13},"end":{"line":2,"column":28}},"2":{"start":{"line":9,"column":0},"end":{"line":21,"column":1}},"3":{"start":{"line":10,"column":4},"end":{"line":20,"column":7}},"4":{"start":{"line":11,"column":29},"end":{"line":11,"column":51}},"5":{"start":{"line":12,"column":8},"end":{"line":19,"column":11}},"6":{"start":{"line":13,"column":12},"end":{"line":16,"column":13}},"7":{"start":{"line":14,"column":16},"end":{"line":14,"column":85}},"8":{"start":{"line":15,"column":16},"end":{"line":15,"column":35}},"9":{"start":{"line":18,"column":12},"end":{"line":18,"column":45}}},"fnMap":{"0":{"name":"(anonymous_0)","decl":{"start":{"line":9,"column":32},"end":{"line":9,"column":33}},"loc":{"start":{"line":9,"column":46},"end":{"line":21,"column":1}},"line":9},"1":{"name":"(anonymous_1)","decl":{"start":{"line":10,"column":23},"end":{"line":10,"column":24}},"loc":{"start":{"line":10,"column":44},"end":{"line":20,"column":5}},"line":10},"2":{"name":"(anonymous_2)","decl":{"start":{"line":12,"column":34},"end":{"line":12,"column":35}},"loc":{"start":{"line":12,"column":49},"end":{"line":19,"column":9}},"line":12}},"branchMap":{"0":{"loc":{"start":{"line":13,"column":12},"end":{"line":16,"column":13}},"type":"if","locations":[{"start":{"line":13,"column":12},"end":{"line":16,"column":13}},{"start":{},"end":{}}],"line":13}},"s":{"0":1,"1":1,"2":1,"3":2,"4":2,"5":2,"6":2,"7":1,"8":1,"9":1},"f":{"0":2,"1":2,"2":2},"b":{"0":[1,1]},"_coverageSchema":"1a1c01bbd47fc00a2c39e90264f33305004495a9","hash":"6ddf1df45e684ce7551d0090b6d6d31cd4eb62af"}
,"F:\\Code_Projects\\ibm-interview\\color-group-interview-project\\color-group-web-api\\src\\utilities\\string-format.js": {"path":"F:\\Code_Projects\\ibm-interview\\color-group-interview-project\\color-group-web-api\\src\\utilities\\string-format.js","statementMap":{"0":{"start":{"line":7,"column":0},"end":{"line":9,"column":2}},"1":{"start":{"line":8,"column":4},"end":{"line":8,"column":60}}},"fnMap":{"0":{"name":"(anonymous_0)","decl":{"start":{"line":7,"column":42},"end":{"line":7,"column":43}},"loc":{"start":{"line":7,"column":54},"end":{"line":9,"column":1}},"line":7}},"branchMap":{},"s":{"0":2,"1":11},"f":{"0":11},"b":{},"_coverageSchema":"1a1c01bbd47fc00a2c39e90264f33305004495a9","hash":"6a39b5ef6e32fa78ca67842a3317acf5e1692aec"}
}
