TN:
SF:src\db\person\person-accessor.js
FN:9,(anonymous_0)
FN:20,(anonymous_1)
FN:25,(anonymous_2)
FN:34,(anonymous_3)
FN:38,(anonymous_4)
FN:57,(anonymous_5)
FNF:6
FNH:0
FNDA:0,(anonymous_0)
FNDA:0,(anonymous_1)
FNDA:0,(anonymous_2)
FNDA:0,(anonymous_3)
FNDA:0,(anonymous_4)
FNDA:0,(anonymous_5)
DA:1,2
DA:2,2
DA:9,2
DA:10,0
DA:12,0
DA:20,2
DA:21,0
DA:22,0
DA:25,2
DA:26,0
DA:27,0
DA:34,2
DA:35,0
DA:38,2
DA:39,0
DA:57,2
DA:58,0
DA:60,0
DA:61,0
DA:62,0
DA:63,0
DA:64,0
DA:65,0
DA:66,0
DA:69,0
DA:70,0
DA:74,0
DA:75,0
LF:28
LH:8
BRDA:20,0,0,0
BRDA:25,1,0,0
BRDA:57,2,0,0
BRDA:57,3,0,0
BRDA:57,4,0,0
BRDA:60,5,0,0
BRDA:60,5,1,0
BRDA:61,6,0,0
BRDA:61,6,1,0
BRF:9
BRH:0
end_of_record
TN:
SF:src\db\person\person-model.js
FNF:0
FNH:0
DA:1,2
DA:8,2
DA:14,2
LF:3
LH:3
BRF:0
BRH:0
end_of_record
TN:
SF:src\services\data-service.js
FN:9,(anonymous_0)
FN:18,(anonymous_1)
FN:27,(anonymous_2)
FN:36,(anonymous_3)
FNF:4
FNH:4
FNDA:2,(anonymous_0)
FNDA:1,(anonymous_1)
FNDA:1,(anonymous_2)
FNDA:1,(anonymous_3)
DA:1,1
DA:9,1
DA:10,2
DA:11,2
DA:18,1
DA:19,1
DA:20,1
DA:27,1
DA:28,1
DA:29,1
DA:36,1
DA:37,1
DA:38,1
LF:13
LH:13
BRF:0
BRH:0
end_of_record
TN:
SF:src\services\parsing-service.js
FN:10,(anonymous_0)
FN:12,(anonymous_1)
FN:20,(anonymous_2)
FNF:3
FNH:3
FNDA:1,(anonymous_0)
FNDA:1,(anonymous_1)
FNDA:2,(anonymous_2)
DA:10,1
DA:11,1
DA:12,1
DA:13,1
DA:15,1
DA:17,0
DA:20,1
DA:21,2
DA:23,2
DA:25,0
DA:28,2
DA:32,1
LF:12
LH:10
BRDA:15,0,0,0
BRDA:15,0,1,1
BRDA:23,1,0,0
BRDA:23,1,1,2
BRF:4
BRH:2
end_of_record
TN:
SF:src\services\person-service.js
FN:9,(anonymous_0)
FN:17,(anonymous_1)
FN:26,(anonymous_2)
FN:35,(anonymous_3)
FN:39,(anonymous_4)
FN:46,(anonymous_5)
FN:67,(anonymous_6)
FNF:7
FNH:7
FNDA:1,(anonymous_0)
FNDA:1,(anonymous_1)
FNDA:1,(anonymous_2)
FNDA:1,(anonymous_3)
FNDA:8,(anonymous_4)
FNDA:2,(anonymous_5)
FNDA:2,(anonymous_6)
DA:1,1
DA:2,1
DA:9,1
DA:10,1
DA:17,1
DA:18,1
DA:26,1
DA:27,1
DA:35,1
DA:36,1
DA:39,8
DA:46,1
DA:47,2
DA:49,2
DA:50,5
DA:51,5
DA:52,5
DA:53,1
DA:56,4
DA:59,1
DA:67,1
DA:68,2
DA:70,2
DA:71,5
DA:72,5
DA:73,5
DA:74,1
DA:77,4
DA:80,1
LF:29
LH:29
BRDA:46,0,0,2
BRDA:46,1,0,2
BRDA:46,2,0,2
BRDA:52,3,0,1
BRDA:52,3,1,4
BRDA:67,4,0,2
BRDA:67,5,0,2
BRDA:67,6,0,2
BRDA:73,7,0,1
BRDA:73,7,1,4
BRF:10
BRH:10
end_of_record
TN:
SF:src\utilities\file-reader.js
FN:9,(anonymous_0)
FN:10,(anonymous_1)
FN:12,(anonymous_2)
FNF:3
FNH:3
FNDA:2,(anonymous_0)
FNDA:2,(anonymous_1)
FNDA:2,(anonymous_2)
DA:1,1
DA:2,1
DA:9,1
DA:10,2
DA:11,2
DA:12,2
DA:13,2
DA:14,1
DA:15,1
DA:18,1
LF:10
LH:10
BRDA:13,0,0,1
BRDA:13,0,1,1
BRF:2
BRH:2
end_of_record
TN:
SF:src\utilities\string-format.js
FN:7,(anonymous_0)
FNF:1
FNH:1
FNDA:11,(anonymous_0)
DA:7,2
DA:8,11
LF:2
LH:2
BRF:0
BRH:0
end_of_record
